<?xml version="1.0" encoding="UTF-8"?>
<!-- Generated by org.testng.reporters.JUnitReportReporter -->
<testsuite skipped="0" hostname="Lenovo" name="com.testng.demo.test.Testng1" tests="1" failures="0" timestamp="09 Jan 2022 14:26:19 GMT" time="0.010" errors="0">
  <testcase name="test1" time="0.010" classname="com.testng.demo.test.Testng1"/>
</testsuite> <!-- com.testng.demo.test.Testng1 -->
