<?xml version="1.0" encoding="UTF-8"?>
<!-- Generated by org.testng.reporters.JUnitReportReporter -->
<testsuite skipped="0" hostname="Lenovo" name="com.testng.demo.test.Testng1" tests="1" failures="0" timestamp="10 Jan 2022 03:51:42 GMT" time="8.485" errors="0">
  <testcase name="test1" time="8.485" classname="com.testng.demo.test.Testng1"/>
</testsuite> <!-- com.testng.demo.test.Testng1 -->
