<?xml version="1.0" encoding="UTF-8"?>
<!-- Generated by org.testng.reporters.JUnitReportReporter -->
<testsuite skipped="0" hostname="Lenovo" name="com.testng.demo.test.Testng1" tests="7" failures="0" timestamp="11 Jan 2022 11:41:08 GMT" time="2.980" errors="0">
  <testcase name="loginPage" time="0.771" classname="com.testng.demo.test.Testng1"/>
  <testcase name="loginPassValue" time="0.979" classname="com.testng.demo.test.Testng1"/>
  <testcase name="cookieTest" time="0.083" classname="com.testng.demo.test.Testng1"/>
  <testcase name="storage" time="0.081" classname="com.testng.demo.test.Testng1"/>
  <testcase name="loginMultipleValuePassing" time="0.330" classname="com.testng.demo.test.Testng1"/>
  <testcase name="loginMultipleValuePassing" time="0.426" classname="com.testng.demo.test.Testng1"/>
  <testcase name="loginMultipleValuePassing" time="0.310" classname="com.testng.demo.test.Testng1"/>
</testsuite> <!-- com.testng.demo.test.Testng1 -->
