<?xml version="1.0" encoding="UTF-8"?>
<!-- Generated by org.testng.reporters.JUnitReportReporter -->
<testsuite skipped="4" hostname="Lenovo" name="com.testng.demo.test.Testng1" tests="12" failures="0" timestamp="29 Jan 2022 11:09:47 GMT" time="6.114" errors="0">
  <testcase name="loginPage" time="0.668" classname="com.testng.demo.test.Testng1"/>
  <testcase name="loginPage" time="0.373" classname="com.testng.demo.test.Testng1"/>
  <testcase name="loginMultipleValuePassing" time="1.446" classname="com.testng.demo.test.Testng1"/>
  <testcase name="loginMultipleValuePassing" time="1.257" classname="com.testng.demo.test.Testng1"/>
  <testcase name="loginMultipleValuePassing" time="0.419" classname="com.testng.demo.test.Testng1"/>
  <testcase name="loginMultipleValuePassing" time="0.741" classname="com.testng.demo.test.Testng1"/>
  <testcase name="loginMultipleValuePassing" time="0.667" classname="com.testng.demo.test.Testng1"/>
  <testcase name="loginMultipleValuePassing" time="0.543" classname="com.testng.demo.test.Testng1"/>
  <testcase name="loginPassValue" classname="com.testng.demo.test.Testng1">
    <skipped/>
  </testcase> <!-- loginPassValue -->
  <testcase name="loginPassValue" classname="com.testng.demo.test.Testng1">
    <skipped/>
  </testcase> <!-- loginPassValue -->
  <testcase name="cookieTest" classname="com.testng.demo.test.Testng1">
    <skipped/>
  </testcase> <!-- cookieTest -->
  <testcase name="cookieTest" classname="com.testng.demo.test.Testng1">
    <skipped/>
  </testcase> <!-- cookieTest -->
</testsuite> <!-- com.testng.demo.test.Testng1 -->
