<?xml version="1.0" encoding="UTF-8"?>
<!-- Generated by org.testng.reporters.JUnitReportReporter -->
<testsuite skipped="4" hostname="Lenovo" name="com.testng.demo.test.Testng1" tests="12" failures="0" timestamp="29 Jan 2022 11:20:35 GMT" time="6.992" errors="0">
  <testcase name="loginPage" time="0.909" classname="com.testng.demo.test.Testng1"/>
  <testcase name="loginPage" time="1.195" classname="com.testng.demo.test.Testng1"/>
  <testcase name="loginMultipleValuePassing" time="1.225" classname="com.testng.demo.test.Testng1"/>
  <testcase name="loginMultipleValuePassing" time="0.774" classname="com.testng.demo.test.Testng1"/>
  <testcase name="loginMultipleValuePassing" time="0.448" classname="com.testng.demo.test.Testng1"/>
  <testcase name="loginMultipleValuePassing" time="0.393" classname="com.testng.demo.test.Testng1"/>
  <testcase name="loginMultipleValuePassing" time="0.875" classname="com.testng.demo.test.Testng1"/>
  <testcase name="loginMultipleValuePassing" time="1.173" classname="com.testng.demo.test.Testng1"/>
  <testcase name="loginPassValue" classname="com.testng.demo.test.Testng1">
    <skipped/>
  </testcase> <!-- loginPassValue -->
  <testcase name="loginPassValue" classname="com.testng.demo.test.Testng1">
    <skipped/>
  </testcase> <!-- loginPassValue -->
  <testcase name="cookieTest" classname="com.testng.demo.test.Testng1">
    <skipped/>
  </testcase> <!-- cookieTest -->
  <testcase name="cookieTest" classname="com.testng.demo.test.Testng1">
    <skipped/>
  </testcase> <!-- cookieTest -->
</testsuite> <!-- com.testng.demo.test.Testng1 -->
