<?xml version="1.0" encoding="UTF-8"?>
<!-- Generated by org.testng.reporters.JUnitReportReporter -->
<testsuite skipped="3" hostname="Lenovo" name="com.testng.demo.test.Testng1" tests="7" failures="0" timestamp="25 Jan 2022 09:52:14 GMT" time="3.503" errors="0">
  <testcase name="loginPage" time="0.788" classname="com.testng.demo.test.Testng1"/>
  <testcase name="loginMultipleValuePassing" time="0.537" classname="com.testng.demo.test.Testng1"/>
  <testcase name="loginMultipleValuePassing" time="1.648" classname="com.testng.demo.test.Testng1"/>
  <testcase name="loginMultipleValuePassing" time="0.530" classname="com.testng.demo.test.Testng1"/>
  <testcase name="storage" classname="com.testng.demo.test.Testng1">
    <skipped/>
  </testcase> <!-- storage -->
  <testcase name="loginPassValue" classname="com.testng.demo.test.Testng1">
    <skipped/>
  </testcase> <!-- loginPassValue -->
  <testcase name="cookieTest" classname="com.testng.demo.test.Testng1">
    <skipped/>
  </testcase> <!-- cookieTest -->
</testsuite> <!-- com.testng.demo.test.Testng1 -->
