<?xml version="1.0" encoding="UTF-8"?>
<!-- Generated by org.testng.reporters.JUnitReportReporter -->
<testsuite skipped="0" hostname="Lenovo" name="com.testng.demo.test.Testng2" tests="4" failures="0" timestamp="29 Jan 2022 14:54:39 GMT" time="117.919" errors="0">
  <testcase name="test3" time="29.479" classname="com.testng.demo.test.Testng2"/>
  <testcase name="test1" time="29.473" classname="com.testng.demo.test.Testng2"/>
  <testcase name="test2" time="29.473" classname="com.testng.demo.test.Testng2"/>
  <testcase name="test4" time="29.494" classname="com.testng.demo.test.Testng2"/>
</testsuite> <!-- com.testng.demo.test.Testng2 -->
