<?xml version="1.0" encoding="UTF-8"?>
<!-- Generated by org.testng.reporters.JUnitReportReporter -->
<testsuite skipped="0" hostname="Lenovo" name="com.testng.demo.test.Testng2" tests="2" failures="0" timestamp="29 Jan 2022 14:36:43 GMT" time="59.784" errors="0">
  <testcase name="test3" time="25.679" classname="com.testng.demo.test.Testng2"/>
  <testcase name="test1" time="34.105" classname="com.testng.demo.test.Testng2"/>
</testsuite> <!-- com.testng.demo.test.Testng2 -->
