<?xml version="1.0" encoding="UTF-8"?>
<!-- Generated by org.testng.reporters.JUnitReportReporter -->
<testsuite skipped="0" hostname="Lenovo" name="com.testng.demo.test.Testng1" tests="2" failures="0" timestamp="10 Jan 2022 04:30:50 GMT" time="0.264" errors="0">
  <testcase name="cookieTest" time="0.061" classname="com.testng.demo.test.Testng1"/>
  <testcase name="storage" time="0.203" classname="com.testng.demo.test.Testng1"/>
</testsuite> <!-- com.testng.demo.test.Testng1 -->
