<?xml version="1.0" encoding="UTF-8"?>
<!-- Generated by org.testng.reporters.JUnitReportReporter -->
<testsuite skipped="0" hostname="Lenovo" name="com.testng.demo.test.Testng1" tests="4" failures="0" timestamp="10 Jan 2022 13:02:31 GMT" time="7.929" errors="0">
  <testcase name="loginPage" time="0.266" classname="com.testng.demo.test.Testng1"/>
  <testcase name="loginPassValue" time="0.538" classname="com.testng.demo.test.Testng1"/>
  <testcase name="cookieTest" time="7.050" classname="com.testng.demo.test.Testng1"/>
  <testcase name="storage" time="0.075" classname="com.testng.demo.test.Testng1"/>
</testsuite> <!-- com.testng.demo.test.Testng1 -->
