<?xml version="1.0" encoding="UTF-8"?>
<!-- Generated by org.testng.reporters.JUnitReportReporter -->
<testsuite skipped="0" hostname="Lenovo" name="com.testng.demo.test.Testng1" tests="3" failures="0" timestamp="10 Jan 2022 12:42:34 GMT" time="0.522" errors="0">
  <testcase name="loginPage" time="0.339" classname="com.testng.demo.test.Testng1"/>
  <testcase name="storage" time="0.138" classname="com.testng.demo.test.Testng1"/>
  <testcase name="cookieTest" time="0.045" classname="com.testng.demo.test.Testng1"/>
</testsuite> <!-- com.testng.demo.test.Testng1 -->
