<?xml version="1.0" encoding="UTF-8"?>
<!-- Generated by org.testng.reporters.JUnitReportReporter -->
<testsuite skipped="0" hostname="Lenovo" name="com.testng.demo.test.Testng2" tests="1" failures="0" timestamp="28 Jan 2022 05:42:36 GMT" time="18.034" errors="0">
  <testcase name="test1" time="18.034" classname="com.testng.demo.test.Testng2"/>
</testsuite> <!-- com.testng.demo.test.Testng2 -->
